<?xml version="1.0" encoding="UTF-8"?>
<!-- Generated by org.testng.reporters.JUnitReportReporter -->
<testsuite skipped="0" hostname="DESKTOP-4PTNCRH" name="Login_Scenario.Validate_Login_TC" tests="1" failures="0" timestamp="19 May 2020 08:50:24 GMT" time="42.573" errors="0">
  <testcase name="LoginTest" time="42.573" classname="Login_Scenario.Validate_Login_TC"/>
</testsuite> <!-- Login_Scenario.Validate_Login_TC -->
