<?xml version="1.0" encoding="UTF-8"?>
<!-- Generated by org.testng.reporters.JUnitReportReporter -->
<testsuite skipped="0" hostname="DESKTOP-4PTNCRH" name="companies.Validate_Companies_TC" tests="1" failures="0" timestamp="19 May 2020 08:50:24 GMT" time="84.486" errors="0">
  <testcase name="verifyAdd" time="84.486" classname="companies.Validate_Companies_TC"/>
</testsuite> <!-- companies.Validate_Companies_TC -->
