<?xml version="1.0" encoding="UTF-8"?>
<!-- Generated by org.testng.reporters.JUnitReportReporter -->
<testsuite skipped="0" hostname="DESKTOP-4PTNCRH" name="Login_Scenario.Validate_Login_TC" tests="1" failures="0" timestamp="17 May 2020 15:44:12 GMT" time="36.594" errors="0">
  <testcase name="LoginTest" time="36.594" classname="Login_Scenario.Validate_Login_TC"/>
</testsuite> <!-- Login_Scenario.Validate_Login_TC -->
